<?xml version="1.0" encoding="UTF-8"?>
<testsuite xmlns:xsi="http://www.w3.org/2001/XMLSchema-instance" xsi:noNamespaceSchemaLocation="https://maven.apache.org/surefire/maven-surefire-plugin/xsd/surefire-test-report.xsd" name="com.awakelabs.writeservice.VitalSignWriteControllerIntegrationTest" time="10.82" tests="1" errors="1" skipped="0" failures="0">
  <properties>
    <property name="java.specification.version" value="13"/>
    <property name="sun.jnu.encoding" value="UTF-8"/>
    <property name="java.class.path" value="/Users/tanbirsagar/Documents/Projects/awakelabs-api-backend/write-service/target/test-classes:/Users/tanbirsagar/Documents/Projects/awakelabs-api-backend/write-service/target/classes:/Users/tanbirsagar/.m2/repository/org/springframework/boot/spring-boot-starter-actuator/2.4.6/spring-boot-starter-actuator-2.4.6.jar:/Users/tanbirsagar/.m2/repository/org/springframework/boot/spring-boot-starter/2.4.6/spring-boot-starter-2.4.6.jar:/Users/tanbirsagar/.m2/repository/org/springframework/boot/spring-boot/2.4.6/spring-boot-2.4.6.jar:/Users/tanbirsagar/.m2/repository/org/springframework/boot/spring-boot-autoconfigure/2.4.6/spring-boot-autoconfigure-2.4.6.jar:/Users/tanbirsagar/.m2/repository/org/springframework/boot/spring-boot-starter-logging/2.4.6/spring-boot-starter-logging-2.4.6.jar:/Users/tanbirsagar/.m2/repository/ch/qos/logback/logback-classic/1.2.3/logback-classic-1.2.3.jar:/Users/tanbirsagar/.m2/repository/ch/qos/logback/logback-core/1.2.3/logback-core-1.2.3.jar:/Users/tanbirsagar/.m2/repository/org/apache/logging/log4j/log4j-to-slf4j/2.13.3/log4j-to-slf4j-2.13.3.jar:/Users/tanbirsagar/.m2/repository/org/apache/logging/log4j/log4j-api/2.13.3/log4j-api-2.13.3.jar:/Users/tanbirsagar/.m2/repository/org/slf4j/jul-to-slf4j/1.7.30/jul-to-slf4j-1.7.30.jar:/Users/tanbirsagar/.m2/repository/jakarta/annotation/jakarta.annotation-api/1.3.5/jakarta.annotation-api-1.3.5.jar:/Users/tanbirsagar/.m2/repository/org/yaml/snakeyaml/1.27/snakeyaml-1.27.jar:/Users/tanbirsagar/.m2/repository/org/springframework/boot/spring-boot-actuator-autoconfigure/2.4.6/spring-boot-actuator-autoconfigure-2.4.6.jar:/Users/tanbirsagar/.m2/repository/org/springframework/boot/spring-boot-actuator/2.4.6/spring-boot-actuator-2.4.6.jar:/Users/tanbirsagar/.m2/repository/com/fasterxml/jackson/core/jackson-databind/2.11.4/jackson-databind-2.11.4.jar:/Users/tanbirsagar/.m2/repository/com/fasterxml/jackson/datatype/jackson-datatype-jsr310/2.11.4/jackson-datatype-jsr310-2.11.4.jar:/Users/tanbirsagar/.m2/repository/io/micrometer/micrometer-core/1.6.7/micrometer-core-1.6.7.jar:/Users/tanbirsagar/.m2/repository/org/hdrhistogram/HdrHistogram/2.1.12/HdrHistogram-2.1.12.jar:/Users/tanbirsagar/.m2/repository/org/latencyutils/LatencyUtils/2.0.3/LatencyUtils-2.0.3.jar:/Users/tanbirsagar/.m2/repository/org/springframework/boot/spring-boot-starter-data-jpa/2.4.6/spring-boot-starter-data-jpa-2.4.6.jar:/Users/tanbirsagar/.m2/repository/org/springframework/boot/spring-boot-starter-aop/2.4.6/spring-boot-starter-aop-2.4.6.jar:/Users/tanbirsagar/.m2/repository/org/springframework/spring-aop/5.3.7/spring-aop-5.3.7.jar:/Users/tanbirsagar/.m2/repository/org/aspectj/aspectjweaver/1.9.6/aspectjweaver-1.9.6.jar:/Users/tanbirsagar/.m2/repository/org/springframework/boot/spring-boot-starter-jdbc/2.4.6/spring-boot-starter-jdbc-2.4.6.jar:/Users/tanbirsagar/.m2/repository/com/zaxxer/HikariCP/3.4.5/HikariCP-3.4.5.jar:/Users/tanbirsagar/.m2/repository/org/springframework/spring-jdbc/5.3.7/spring-jdbc-5.3.7.jar:/Users/tanbirsagar/.m2/repository/jakarta/transaction/jakarta.transaction-api/1.3.3/jakarta.transaction-api-1.3.3.jar:/Users/tanbirsagar/.m2/repository/jakarta/persistence/jakarta.persistence-api/2.2.3/jakarta.persistence-api-2.2.3.jar:/Users/tanbirsagar/.m2/repository/org/hibernate/hibernate-core/5.4.31.Final/hibernate-core-5.4.31.Final.jar:/Users/tanbirsagar/.m2/repository/org/jboss/logging/jboss-logging/3.4.1.Final/jboss-logging-3.4.1.Final.jar:/Users/tanbirsagar/.m2/repository/org/javassist/javassist/3.27.0-GA/javassist-3.27.0-GA.jar:/Users/tanbirsagar/.m2/repository/net/bytebuddy/byte-buddy/1.10.22/byte-buddy-1.10.22.jar:/Users/tanbirsagar/.m2/repository/antlr/antlr/2.7.7/antlr-2.7.7.jar:/Users/tanbirsagar/.m2/repository/org/jboss/jandex/2.2.3.Final/jandex-2.2.3.Final.jar:/Users/tanbirsagar/.m2/repository/com/fasterxml/classmate/1.5.1/classmate-1.5.1.jar:/Users/tanbirsagar/.m2/repository/org/dom4j/dom4j/2.1.3/dom4j-2.1.3.jar:/Users/tanbirsagar/.m2/repository/org/hibernate/common/hibernate-commons-annotations/5.1.2.Final/hibernate-commons-annotations-5.1.2.Final.jar:/Users/tanbirsagar/.m2/repository/org/glassfish/jaxb/jaxb-runtime/2.3.4/jaxb-runtime-2.3.4.jar:/Users/tanbirsagar/.m2/repository/org/glassfish/jaxb/txw2/2.3.4/txw2-2.3.4.jar:/Users/tanbirsagar/.m2/repository/com/sun/istack/istack-commons-runtime/3.0.12/istack-commons-runtime-3.0.12.jar:/Users/tanbirsagar/.m2/repository/com/sun/activation/jakarta.activation/1.2.2/jakarta.activation-1.2.2.jar:/Users/tanbirsagar/.m2/repository/org/springframework/data/spring-data-jpa/2.4.9/spring-data-jpa-2.4.9.jar:/Users/tanbirsagar/.m2/repository/org/springframework/data/spring-data-commons/2.4.9/spring-data-commons-2.4.9.jar:/Users/tanbirsagar/.m2/repository/org/springframework/spring-orm/5.3.7/spring-orm-5.3.7.jar:/Users/tanbirsagar/.m2/repository/org/springframework/spring-context/5.3.7/spring-context-5.3.7.jar:/Users/tanbirsagar/.m2/repository/org/springframework/spring-tx/5.3.7/spring-tx-5.3.7.jar:/Users/tanbirsagar/.m2/repository/org/springframework/spring-beans/5.3.7/spring-beans-5.3.7.jar:/Users/tanbirsagar/.m2/repository/org/slf4j/slf4j-api/1.7.30/slf4j-api-1.7.30.jar:/Users/tanbirsagar/.m2/repository/org/springframework/spring-aspects/5.3.7/spring-aspects-5.3.7.jar:/Users/tanbirsagar/.m2/repository/org/springframework/boot/spring-boot-starter-hateoas/2.4.6/spring-boot-starter-hateoas-2.4.6.jar:/Users/tanbirsagar/.m2/repository/org/springframework/hateoas/spring-hateoas/1.2.6/spring-hateoas-1.2.6.jar:/Users/tanbirsagar/.m2/repository/org/springframework/plugin/spring-plugin-core/2.0.0.RELEASE/spring-plugin-core-2.0.0.RELEASE.jar:/Users/tanbirsagar/.m2/repository/org/springframework/boot/spring-boot-starter-web/2.4.6/spring-boot-starter-web-2.4.6.jar:/Users/tanbirsagar/.m2/repository/org/springframework/boot/spring-boot-starter-json/2.4.6/spring-boot-starter-json-2.4.6.jar:/Users/tanbirsagar/.m2/repository/com/fasterxml/jackson/datatype/jackson-datatype-jdk8/2.11.4/jackson-datatype-jdk8-2.11.4.jar:/Users/tanbirsagar/.m2/repository/com/fasterxml/jackson/module/jackson-module-parameter-names/2.11.4/jackson-module-parameter-names-2.11.4.jar:/Users/tanbirsagar/.m2/repository/org/springframework/boot/spring-boot-starter-tomcat/2.4.6/spring-boot-starter-tomcat-2.4.6.jar:/Users/tanbirsagar/.m2/repository/org/apache/tomcat/embed/tomcat-embed-core/9.0.46/tomcat-embed-core-9.0.46.jar:/Users/tanbirsagar/.m2/repository/org/glassfish/jakarta.el/3.0.3/jakarta.el-3.0.3.jar:/Users/tanbirsagar/.m2/repository/org/apache/tomcat/embed/tomcat-embed-websocket/9.0.46/tomcat-embed-websocket-9.0.46.jar:/Users/tanbirsagar/.m2/repository/org/springframework/spring-web/5.3.7/spring-web-5.3.7.jar:/Users/tanbirsagar/.m2/repository/org/springframework/spring-webmvc/5.3.7/spring-webmvc-5.3.7.jar:/Users/tanbirsagar/.m2/repository/org/springframework/spring-expression/5.3.7/spring-expression-5.3.7.jar:/Users/tanbirsagar/.m2/repository/org/springframework/cloud/spring-cloud-starter-netflix-eureka-client/3.0.2/spring-cloud-starter-netflix-eureka-client-3.0.2.jar:/Users/tanbirsagar/.m2/repository/org/springframework/cloud/spring-cloud-starter/3.0.2/spring-cloud-starter-3.0.2.jar:/Users/tanbirsagar/.m2/repository/org/springframework/cloud/spring-cloud-context/3.0.2/spring-cloud-context-3.0.2.jar:/Users/tanbirsagar/.m2/repository/org/springframework/security/spring-security-crypto/5.4.6/spring-security-crypto-5.4.6.jar:/Users/tanbirsagar/.m2/repository/org/springframework/cloud/spring-cloud-commons/3.0.2/spring-cloud-commons-3.0.2.jar:/Users/tanbirsagar/.m2/repository/org/springframework/security/spring-security-rsa/1.0.9.RELEASE/spring-security-rsa-1.0.9.RELEASE.jar:/Users/tanbirsagar/.m2/repository/org/bouncycastle/bcpkix-jdk15on/1.64/bcpkix-jdk15on-1.64.jar:/Users/tanbirsagar/.m2/repository/org/bouncycastle/bcprov-jdk15on/1.64/bcprov-jdk15on-1.64.jar:/Users/tanbirsagar/.m2/repository/org/springframework/cloud/spring-cloud-netflix-eureka-client/3.0.2/spring-cloud-netflix-eureka-client-3.0.2.jar:/Users/tanbirsagar/.m2/repository/com/netflix/eureka/eureka-client/1.10.11/eureka-client-1.10.11.jar:/Users/tanbirsagar/.m2/repository/com/netflix/netflix-commons/netflix-eventbus/0.3.0/netflix-eventbus-0.3.0.jar:/Users/tanbirsagar/.m2/repository/com/netflix/netflix-commons/netflix-infix/0.3.0/netflix-infix-0.3.0.jar:/Users/tanbirsagar/.m2/repository/commons-jxpath/commons-jxpath/1.3/commons-jxpath-1.3.jar:/Users/tanbirsagar/.m2/repository/joda-time/joda-time/2.3/joda-time-2.3.jar:/Users/tanbirsagar/.m2/repository/org/antlr/antlr-runtime/3.4/antlr-runtime-3.4.jar:/Users/tanbirsagar/.m2/repository/org/antlr/stringtemplate/3.2.1/stringtemplate-3.2.1.jar:/Users/tanbirsagar/.m2/repository/com/google/code/gson/gson/2.8.6/gson-2.8.6.jar:/Users/tanbirsagar/.m2/repository/org/apache/commons/commons-math/2.2/commons-math-2.2.jar:/Users/tanbirsagar/.m2/repository/com/thoughtworks/xstream/xstream/1.4.14/xstream-1.4.14.jar:/Users/tanbirsagar/.m2/repository/xmlpull/xmlpull/1.1.3.1/xmlpull-1.1.3.1.jar:/Users/tanbirsagar/.m2/repository/xpp3/xpp3_min/1.1.4c/xpp3_min-1.1.4c.jar:/Users/tanbirsagar/.m2/repository/javax/ws/rs/jsr311-api/1.1.1/jsr311-api-1.1.1.jar:/Users/tanbirsagar/.m2/repository/com/netflix/servo/servo-core/0.12.21/servo-core-0.12.21.jar:/Users/tanbirsagar/.m2/repository/com/google/guava/guava/19.0/guava-19.0.jar:/Users/tanbirsagar/.m2/repository/org/apache/httpcomponents/httpclient/4.5.13/httpclient-4.5.13.jar:/Users/tanbirsagar/.m2/repository/org/apache/httpcomponents/httpcore/4.4.14/httpcore-4.4.14.jar:/Users/tanbirsagar/.m2/repository/commons-codec/commons-codec/1.15/commons-codec-1.15.jar:/Users/tanbirsagar/.m2/repository/commons-configuration/commons-configuration/1.10/commons-configuration-1.10.jar:/Users/tanbirsagar/.m2/repository/commons-lang/commons-lang/2.6/commons-lang-2.6.jar:/Users/tanbirsagar/.m2/repository/com/google/inject/guice/4.1.0/guice-4.1.0.jar:/Users/tanbirsagar/.m2/repository/javax/inject/javax.inject/1/javax.inject-1.jar:/Users/tanbirsagar/.m2/repository/aopalliance/aopalliance/1.0/aopalliance-1.0.jar:/Users/tanbirsagar/.m2/repository/com/fasterxml/jackson/core/jackson-annotations/2.11.4/jackson-annotations-2.11.4.jar:/Users/tanbirsagar/.m2/repository/com/fasterxml/jackson/core/jackson-core/2.11.4/jackson-core-2.11.4.jar:/Users/tanbirsagar/.m2/repository/org/codehaus/jettison/jettison/1.4.0/jettison-1.4.0.jar:/Users/tanbirsagar/.m2/repository/com/netflix/eureka/eureka-core/1.10.11/eureka-core-1.10.11.jar:/Users/tanbirsagar/.m2/repository/com/fasterxml/woodstox/woodstox-core/5.3.0/woodstox-core-5.3.0.jar:/Users/tanbirsagar/.m2/repository/org/codehaus/woodstox/stax2-api/4.2/stax2-api-4.2.jar:/Users/tanbirsagar/.m2/repository/org/springframework/cloud/spring-cloud-starter-loadbalancer/3.0.2/spring-cloud-starter-loadbalancer-3.0.2.jar:/Users/tanbirsagar/.m2/repository/org/springframework/cloud/spring-cloud-loadbalancer/3.0.2/spring-cloud-loadbalancer-3.0.2.jar:/Users/tanbirsagar/.m2/repository/org/springframework/boot/spring-boot-starter-validation/2.4.6/spring-boot-starter-validation-2.4.6.jar:/Users/tanbirsagar/.m2/repository/org/hibernate/validator/hibernate-validator/6.1.7.Final/hibernate-validator-6.1.7.Final.jar:/Users/tanbirsagar/.m2/repository/jakarta/validation/jakarta.validation-api/2.0.2/jakarta.validation-api-2.0.2.jar:/Users/tanbirsagar/.m2/repository/io/projectreactor/reactor-core/3.4.6/reactor-core-3.4.6.jar:/Users/tanbirsagar/.m2/repository/org/reactivestreams/reactive-streams/1.0.3/reactive-streams-1.0.3.jar:/Users/tanbirsagar/.m2/repository/io/projectreactor/addons/reactor-extra/3.4.3/reactor-extra-3.4.3.jar:/Users/tanbirsagar/.m2/repository/org/springframework/boot/spring-boot-starter-cache/2.4.6/spring-boot-starter-cache-2.4.6.jar:/Users/tanbirsagar/.m2/repository/org/springframework/spring-context-support/5.3.7/spring-context-support-5.3.7.jar:/Users/tanbirsagar/.m2/repository/com/stoyanr/evictor/1.0.0/evictor-1.0.0.jar:/Users/tanbirsagar/.m2/repository/com/redislabs/jredistimeseries/1.4.0/jredistimeseries-1.4.0.jar:/Users/tanbirsagar/.m2/repository/redis/clients/jedis/3.3.0/jedis-3.3.0.jar:/Users/tanbirsagar/.m2/repository/org/apache/commons/commons-pool2/2.9.0/commons-pool2-2.9.0.jar:/Users/tanbirsagar/.m2/repository/org/postgresql/postgresql/42.2.20/postgresql-42.2.20.jar:/Users/tanbirsagar/.m2/repository/org/checkerframework/checker-qual/3.5.0/checker-qual-3.5.0.jar:/Users/tanbirsagar/.m2/repository/org/projectlombok/lombok/1.18.8/lombok-1.18.8.jar:/Users/tanbirsagar/.m2/repository/com/github/ulisesbocchio/jasypt-spring-boot-starter/3.0.3/jasypt-spring-boot-starter-3.0.3.jar:/Users/tanbirsagar/.m2/repository/com/github/ulisesbocchio/jasypt-spring-boot/3.0.3/jasypt-spring-boot-3.0.3.jar:/Users/tanbirsagar/.m2/repository/org/jasypt/jasypt/1.9.3/jasypt-1.9.3.jar:/Users/tanbirsagar/.m2/repository/org/modelmapper/modelmapper/2.3.5/modelmapper-2.3.5.jar:/Users/tanbirsagar/.m2/repository/org/springframework/boot/spring-boot-starter-test/2.4.6/spring-boot-starter-test-2.4.6.jar:/Users/tanbirsagar/.m2/repository/org/springframework/boot/spring-boot-test/2.4.6/spring-boot-test-2.4.6.jar:/Users/tanbirsagar/.m2/repository/org/springframework/boot/spring-boot-test-autoconfigure/2.4.6/spring-boot-test-autoconfigure-2.4.6.jar:/Users/tanbirsagar/.m2/repository/com/jayway/jsonpath/json-path/2.4.0/json-path-2.4.0.jar:/Users/tanbirsagar/.m2/repository/net/minidev/json-smart/2.3.1/json-smart-2.3.1.jar:/Users/tanbirsagar/.m2/repository/net/minidev/accessors-smart/2.3.1/accessors-smart-2.3.1.jar:/Users/tanbirsagar/.m2/repository/org/ow2/asm/asm/5.0.4/asm-5.0.4.jar:/Users/tanbirsagar/.m2/repository/jakarta/xml/bind/jakarta.xml.bind-api/2.3.3/jakarta.xml.bind-api-2.3.3.jar:/Users/tanbirsagar/.m2/repository/jakarta/activation/jakarta.activation-api/1.2.2/jakarta.activation-api-1.2.2.jar:/Users/tanbirsagar/.m2/repository/org/assertj/assertj-core/3.18.1/assertj-core-3.18.1.jar:/Users/tanbirsagar/.m2/repository/org/hamcrest/hamcrest/2.2/hamcrest-2.2.jar:/Users/tanbirsagar/.m2/repository/org/junit/jupiter/junit-jupiter/5.7.2/junit-jupiter-5.7.2.jar:/Users/tanbirsagar/.m2/repository/org/junit/jupiter/junit-jupiter-api/5.7.2/junit-jupiter-api-5.7.2.jar:/Users/tanbirsagar/.m2/repository/org/apiguardian/apiguardian-api/1.1.0/apiguardian-api-1.1.0.jar:/Users/tanbirsagar/.m2/repository/org/opentest4j/opentest4j/1.2.0/opentest4j-1.2.0.jar:/Users/tanbirsagar/.m2/repository/org/junit/platform/junit-platform-commons/1.7.2/junit-platform-commons-1.7.2.jar:/Users/tanbirsagar/.m2/repository/org/junit/jupiter/junit-jupiter-params/5.7.2/junit-jupiter-params-5.7.2.jar:/Users/tanbirsagar/.m2/repository/org/junit/jupiter/junit-jupiter-engine/5.7.2/junit-jupiter-engine-5.7.2.jar:/Users/tanbirsagar/.m2/repository/org/junit/platform/junit-platform-engine/1.7.2/junit-platform-engine-1.7.2.jar:/Users/tanbirsagar/.m2/repository/org/mockito/mockito-core/3.6.28/mockito-core-3.6.28.jar:/Users/tanbirsagar/.m2/repository/net/bytebuddy/byte-buddy-agent/1.10.22/byte-buddy-agent-1.10.22.jar:/Users/tanbirsagar/.m2/repository/org/objenesis/objenesis/3.1/objenesis-3.1.jar:/Users/tanbirsagar/.m2/repository/org/mockito/mockito-junit-jupiter/3.6.28/mockito-junit-jupiter-3.6.28.jar:/Users/tanbirsagar/.m2/repository/org/skyscreamer/jsonassert/1.5.0/jsonassert-1.5.0.jar:/Users/tanbirsagar/.m2/repository/com/vaadin/external/google/android-json/0.0.20131108.vaadin1/android-json-0.0.20131108.vaadin1.jar:/Users/tanbirsagar/.m2/repository/org/springframework/spring-core/5.3.7/spring-core-5.3.7.jar:/Users/tanbirsagar/.m2/repository/org/springframework/spring-jcl/5.3.7/spring-jcl-5.3.7.jar:/Users/tanbirsagar/.m2/repository/org/springframework/spring-test/5.3.7/spring-test-5.3.7.jar:/Users/tanbirsagar/.m2/repository/org/xmlunit/xmlunit-core/2.7.0/xmlunit-core-2.7.0.jar:/Users/tanbirsagar/.m2/repository/junit/junit/4.12/junit-4.12.jar:/Users/tanbirsagar/.m2/repository/org/hamcrest/hamcrest-core/2.2/hamcrest-core-2.2.jar:"/>
    <property name="java.vm.vendor" value="Oracle Corporation"/>
    <property name="sun.arch.data.model" value="64"/>
    <property name="java.vendor.url" value="https://java.oracle.com/"/>
    <property name="os.name" value="Mac OS X"/>
    <property name="java.vm.specification.version" value="13"/>
    <property name="sun.java.launcher" value="SUN_STANDARD"/>
    <property name="user.country" value="CA"/>
    <property name="sun.boot.library.path" value="/Library/Java/JavaVirtualMachines/jdk-13.0.1.jdk/Contents/Home/lib"/>
    <property name="sun.java.command" value="/Users/tanbirsagar/Documents/Projects/awakelabs-api-backend/write-service/target/surefire/surefirebooter17956877044603236906.jar /Users/tanbirsagar/Documents/Projects/awakelabs-api-backend/write-service/target/surefire 2021-05-27T14-47-39_539-jvmRun1 surefire16643965669725606809tmp surefire_012901342497145447864tmp"/>
    <property name="http.nonProxyHosts" value="local|*.local|169.254/16|*.169.254/16"/>
    <property name="jdk.debug" value="release"/>
    <property name="surefire.test.class.path" value="/Users/tanbirsagar/Documents/Projects/awakelabs-api-backend/write-service/target/test-classes:/Users/tanbirsagar/Documents/Projects/awakelabs-api-backend/write-service/target/classes:/Users/tanbirsagar/.m2/repository/org/springframework/boot/spring-boot-starter-actuator/2.4.6/spring-boot-starter-actuator-2.4.6.jar:/Users/tanbirsagar/.m2/repository/org/springframework/boot/spring-boot-starter/2.4.6/spring-boot-starter-2.4.6.jar:/Users/tanbirsagar/.m2/repository/org/springframework/boot/spring-boot/2.4.6/spring-boot-2.4.6.jar:/Users/tanbirsagar/.m2/repository/org/springframework/boot/spring-boot-autoconfigure/2.4.6/spring-boot-autoconfigure-2.4.6.jar:/Users/tanbirsagar/.m2/repository/org/springframework/boot/spring-boot-starter-logging/2.4.6/spring-boot-starter-logging-2.4.6.jar:/Users/tanbirsagar/.m2/repository/ch/qos/logback/logback-classic/1.2.3/logback-classic-1.2.3.jar:/Users/tanbirsagar/.m2/repository/ch/qos/logback/logback-core/1.2.3/logback-core-1.2.3.jar:/Users/tanbirsagar/.m2/repository/org/apache/logging/log4j/log4j-to-slf4j/2.13.3/log4j-to-slf4j-2.13.3.jar:/Users/tanbirsagar/.m2/repository/org/apache/logging/log4j/log4j-api/2.13.3/log4j-api-2.13.3.jar:/Users/tanbirsagar/.m2/repository/org/slf4j/jul-to-slf4j/1.7.30/jul-to-slf4j-1.7.30.jar:/Users/tanbirsagar/.m2/repository/jakarta/annotation/jakarta.annotation-api/1.3.5/jakarta.annotation-api-1.3.5.jar:/Users/tanbirsagar/.m2/repository/org/yaml/snakeyaml/1.27/snakeyaml-1.27.jar:/Users/tanbirsagar/.m2/repository/org/springframework/boot/spring-boot-actuator-autoconfigure/2.4.6/spring-boot-actuator-autoconfigure-2.4.6.jar:/Users/tanbirsagar/.m2/repository/org/springframework/boot/spring-boot-actuator/2.4.6/spring-boot-actuator-2.4.6.jar:/Users/tanbirsagar/.m2/repository/com/fasterxml/jackson/core/jackson-databind/2.11.4/jackson-databind-2.11.4.jar:/Users/tanbirsagar/.m2/repository/com/fasterxml/jackson/datatype/jackson-datatype-jsr310/2.11.4/jackson-datatype-jsr310-2.11.4.jar:/Users/tanbirsagar/.m2/repository/io/micrometer/micrometer-core/1.6.7/micrometer-core-1.6.7.jar:/Users/tanbirsagar/.m2/repository/org/hdrhistogram/HdrHistogram/2.1.12/HdrHistogram-2.1.12.jar:/Users/tanbirsagar/.m2/repository/org/latencyutils/LatencyUtils/2.0.3/LatencyUtils-2.0.3.jar:/Users/tanbirsagar/.m2/repository/org/springframework/boot/spring-boot-starter-data-jpa/2.4.6/spring-boot-starter-data-jpa-2.4.6.jar:/Users/tanbirsagar/.m2/repository/org/springframework/boot/spring-boot-starter-aop/2.4.6/spring-boot-starter-aop-2.4.6.jar:/Users/tanbirsagar/.m2/repository/org/springframework/spring-aop/5.3.7/spring-aop-5.3.7.jar:/Users/tanbirsagar/.m2/repository/org/aspectj/aspectjweaver/1.9.6/aspectjweaver-1.9.6.jar:/Users/tanbirsagar/.m2/repository/org/springframework/boot/spring-boot-starter-jdbc/2.4.6/spring-boot-starter-jdbc-2.4.6.jar:/Users/tanbirsagar/.m2/repository/com/zaxxer/HikariCP/3.4.5/HikariCP-3.4.5.jar:/Users/tanbirsagar/.m2/repository/org/springframework/spring-jdbc/5.3.7/spring-jdbc-5.3.7.jar:/Users/tanbirsagar/.m2/repository/jakarta/transaction/jakarta.transaction-api/1.3.3/jakarta.transaction-api-1.3.3.jar:/Users/tanbirsagar/.m2/repository/jakarta/persistence/jakarta.persistence-api/2.2.3/jakarta.persistence-api-2.2.3.jar:/Users/tanbirsagar/.m2/repository/org/hibernate/hibernate-core/5.4.31.Final/hibernate-core-5.4.31.Final.jar:/Users/tanbirsagar/.m2/repository/org/jboss/logging/jboss-logging/3.4.1.Final/jboss-logging-3.4.1.Final.jar:/Users/tanbirsagar/.m2/repository/org/javassist/javassist/3.27.0-GA/javassist-3.27.0-GA.jar:/Users/tanbirsagar/.m2/repository/net/bytebuddy/byte-buddy/1.10.22/byte-buddy-1.10.22.jar:/Users/tanbirsagar/.m2/repository/antlr/antlr/2.7.7/antlr-2.7.7.jar:/Users/tanbirsagar/.m2/repository/org/jboss/jandex/2.2.3.Final/jandex-2.2.3.Final.jar:/Users/tanbirsagar/.m2/repository/com/fasterxml/classmate/1.5.1/classmate-1.5.1.jar:/Users/tanbirsagar/.m2/repository/org/dom4j/dom4j/2.1.3/dom4j-2.1.3.jar:/Users/tanbirsagar/.m2/repository/org/hibernate/common/hibernate-commons-annotations/5.1.2.Final/hibernate-commons-annotations-5.1.2.Final.jar:/Users/tanbirsagar/.m2/repository/org/glassfish/jaxb/jaxb-runtime/2.3.4/jaxb-runtime-2.3.4.jar:/Users/tanbirsagar/.m2/repository/org/glassfish/jaxb/txw2/2.3.4/txw2-2.3.4.jar:/Users/tanbirsagar/.m2/repository/com/sun/istack/istack-commons-runtime/3.0.12/istack-commons-runtime-3.0.12.jar:/Users/tanbirsagar/.m2/repository/com/sun/activation/jakarta.activation/1.2.2/jakarta.activation-1.2.2.jar:/Users/tanbirsagar/.m2/repository/org/springframework/data/spring-data-jpa/2.4.9/spring-data-jpa-2.4.9.jar:/Users/tanbirsagar/.m2/repository/org/springframework/data/spring-data-commons/2.4.9/spring-data-commons-2.4.9.jar:/Users/tanbirsagar/.m2/repository/org/springframework/spring-orm/5.3.7/spring-orm-5.3.7.jar:/Users/tanbirsagar/.m2/repository/org/springframework/spring-context/5.3.7/spring-context-5.3.7.jar:/Users/tanbirsagar/.m2/repository/org/springframework/spring-tx/5.3.7/spring-tx-5.3.7.jar:/Users/tanbirsagar/.m2/repository/org/springframework/spring-beans/5.3.7/spring-beans-5.3.7.jar:/Users/tanbirsagar/.m2/repository/org/slf4j/slf4j-api/1.7.30/slf4j-api-1.7.30.jar:/Users/tanbirsagar/.m2/repository/org/springframework/spring-aspects/5.3.7/spring-aspects-5.3.7.jar:/Users/tanbirsagar/.m2/repository/org/springframework/boot/spring-boot-starter-hateoas/2.4.6/spring-boot-starter-hateoas-2.4.6.jar:/Users/tanbirsagar/.m2/repository/org/springframework/hateoas/spring-hateoas/1.2.6/spring-hateoas-1.2.6.jar:/Users/tanbirsagar/.m2/repository/org/springframework/plugin/spring-plugin-core/2.0.0.RELEASE/spring-plugin-core-2.0.0.RELEASE.jar:/Users/tanbirsagar/.m2/repository/org/springframework/boot/spring-boot-starter-web/2.4.6/spring-boot-starter-web-2.4.6.jar:/Users/tanbirsagar/.m2/repository/org/springframework/boot/spring-boot-starter-json/2.4.6/spring-boot-starter-json-2.4.6.jar:/Users/tanbirsagar/.m2/repository/com/fasterxml/jackson/datatype/jackson-datatype-jdk8/2.11.4/jackson-datatype-jdk8-2.11.4.jar:/Users/tanbirsagar/.m2/repository/com/fasterxml/jackson/module/jackson-module-parameter-names/2.11.4/jackson-module-parameter-names-2.11.4.jar:/Users/tanbirsagar/.m2/repository/org/springframework/boot/spring-boot-starter-tomcat/2.4.6/spring-boot-starter-tomcat-2.4.6.jar:/Users/tanbirsagar/.m2/repository/org/apache/tomcat/embed/tomcat-embed-core/9.0.46/tomcat-embed-core-9.0.46.jar:/Users/tanbirsagar/.m2/repository/org/glassfish/jakarta.el/3.0.3/jakarta.el-3.0.3.jar:/Users/tanbirsagar/.m2/repository/org/apache/tomcat/embed/tomcat-embed-websocket/9.0.46/tomcat-embed-websocket-9.0.46.jar:/Users/tanbirsagar/.m2/repository/org/springframework/spring-web/5.3.7/spring-web-5.3.7.jar:/Users/tanbirsagar/.m2/repository/org/springframework/spring-webmvc/5.3.7/spring-webmvc-5.3.7.jar:/Users/tanbirsagar/.m2/repository/org/springframework/spring-expression/5.3.7/spring-expression-5.3.7.jar:/Users/tanbirsagar/.m2/repository/org/springframework/cloud/spring-cloud-starter-netflix-eureka-client/3.0.2/spring-cloud-starter-netflix-eureka-client-3.0.2.jar:/Users/tanbirsagar/.m2/repository/org/springframework/cloud/spring-cloud-starter/3.0.2/spring-cloud-starter-3.0.2.jar:/Users/tanbirsagar/.m2/repository/org/springframework/cloud/spring-cloud-context/3.0.2/spring-cloud-context-3.0.2.jar:/Users/tanbirsagar/.m2/repository/org/springframework/security/spring-security-crypto/5.4.6/spring-security-crypto-5.4.6.jar:/Users/tanbirsagar/.m2/repository/org/springframework/cloud/spring-cloud-commons/3.0.2/spring-cloud-commons-3.0.2.jar:/Users/tanbirsagar/.m2/repository/org/springframework/security/spring-security-rsa/1.0.9.RELEASE/spring-security-rsa-1.0.9.RELEASE.jar:/Users/tanbirsagar/.m2/repository/org/bouncycastle/bcpkix-jdk15on/1.64/bcpkix-jdk15on-1.64.jar:/Users/tanbirsagar/.m2/repository/org/bouncycastle/bcprov-jdk15on/1.64/bcprov-jdk15on-1.64.jar:/Users/tanbirsagar/.m2/repository/org/springframework/cloud/spring-cloud-netflix-eureka-client/3.0.2/spring-cloud-netflix-eureka-client-3.0.2.jar:/Users/tanbirsagar/.m2/repository/com/netflix/eureka/eureka-client/1.10.11/eureka-client-1.10.11.jar:/Users/tanbirsagar/.m2/repository/com/netflix/netflix-commons/netflix-eventbus/0.3.0/netflix-eventbus-0.3.0.jar:/Users/tanbirsagar/.m2/repository/com/netflix/netflix-commons/netflix-infix/0.3.0/netflix-infix-0.3.0.jar:/Users/tanbirsagar/.m2/repository/commons-jxpath/commons-jxpath/1.3/commons-jxpath-1.3.jar:/Users/tanbirsagar/.m2/repository/joda-time/joda-time/2.3/joda-time-2.3.jar:/Users/tanbirsagar/.m2/repository/org/antlr/antlr-runtime/3.4/antlr-runtime-3.4.jar:/Users/tanbirsagar/.m2/repository/org/antlr/stringtemplate/3.2.1/stringtemplate-3.2.1.jar:/Users/tanbirsagar/.m2/repository/com/google/code/gson/gson/2.8.6/gson-2.8.6.jar:/Users/tanbirsagar/.m2/repository/org/apache/commons/commons-math/2.2/commons-math-2.2.jar:/Users/tanbirsagar/.m2/repository/com/thoughtworks/xstream/xstream/1.4.14/xstream-1.4.14.jar:/Users/tanbirsagar/.m2/repository/xmlpull/xmlpull/1.1.3.1/xmlpull-1.1.3.1.jar:/Users/tanbirsagar/.m2/repository/xpp3/xpp3_min/1.1.4c/xpp3_min-1.1.4c.jar:/Users/tanbirsagar/.m2/repository/javax/ws/rs/jsr311-api/1.1.1/jsr311-api-1.1.1.jar:/Users/tanbirsagar/.m2/repository/com/netflix/servo/servo-core/0.12.21/servo-core-0.12.21.jar:/Users/tanbirsagar/.m2/repository/com/google/guava/guava/19.0/guava-19.0.jar:/Users/tanbirsagar/.m2/repository/org/apache/httpcomponents/httpclient/4.5.13/httpclient-4.5.13.jar:/Users/tanbirsagar/.m2/repository/org/apache/httpcomponents/httpcore/4.4.14/httpcore-4.4.14.jar:/Users/tanbirsagar/.m2/repository/commons-codec/commons-codec/1.15/commons-codec-1.15.jar:/Users/tanbirsagar/.m2/repository/commons-configuration/commons-configuration/1.10/commons-configuration-1.10.jar:/Users/tanbirsagar/.m2/repository/commons-lang/commons-lang/2.6/commons-lang-2.6.jar:/Users/tanbirsagar/.m2/repository/com/google/inject/guice/4.1.0/guice-4.1.0.jar:/Users/tanbirsagar/.m2/repository/javax/inject/javax.inject/1/javax.inject-1.jar:/Users/tanbirsagar/.m2/repository/aopalliance/aopalliance/1.0/aopalliance-1.0.jar:/Users/tanbirsagar/.m2/repository/com/fasterxml/jackson/core/jackson-annotations/2.11.4/jackson-annotations-2.11.4.jar:/Users/tanbirsagar/.m2/repository/com/fasterxml/jackson/core/jackson-core/2.11.4/jackson-core-2.11.4.jar:/Users/tanbirsagar/.m2/repository/org/codehaus/jettison/jettison/1.4.0/jettison-1.4.0.jar:/Users/tanbirsagar/.m2/repository/com/netflix/eureka/eureka-core/1.10.11/eureka-core-1.10.11.jar:/Users/tanbirsagar/.m2/repository/com/fasterxml/woodstox/woodstox-core/5.3.0/woodstox-core-5.3.0.jar:/Users/tanbirsagar/.m2/repository/org/codehaus/woodstox/stax2-api/4.2/stax2-api-4.2.jar:/Users/tanbirsagar/.m2/repository/org/springframework/cloud/spring-cloud-starter-loadbalancer/3.0.2/spring-cloud-starter-loadbalancer-3.0.2.jar:/Users/tanbirsagar/.m2/repository/org/springframework/cloud/spring-cloud-loadbalancer/3.0.2/spring-cloud-loadbalancer-3.0.2.jar:/Users/tanbirsagar/.m2/repository/org/springframework/boot/spring-boot-starter-validation/2.4.6/spring-boot-starter-validation-2.4.6.jar:/Users/tanbirsagar/.m2/repository/org/hibernate/validator/hibernate-validator/6.1.7.Final/hibernate-validator-6.1.7.Final.jar:/Users/tanbirsagar/.m2/repository/jakarta/validation/jakarta.validation-api/2.0.2/jakarta.validation-api-2.0.2.jar:/Users/tanbirsagar/.m2/repository/io/projectreactor/reactor-core/3.4.6/reactor-core-3.4.6.jar:/Users/tanbirsagar/.m2/repository/org/reactivestreams/reactive-streams/1.0.3/reactive-streams-1.0.3.jar:/Users/tanbirsagar/.m2/repository/io/projectreactor/addons/reactor-extra/3.4.3/reactor-extra-3.4.3.jar:/Users/tanbirsagar/.m2/repository/org/springframework/boot/spring-boot-starter-cache/2.4.6/spring-boot-starter-cache-2.4.6.jar:/Users/tanbirsagar/.m2/repository/org/springframework/spring-context-support/5.3.7/spring-context-support-5.3.7.jar:/Users/tanbirsagar/.m2/repository/com/stoyanr/evictor/1.0.0/evictor-1.0.0.jar:/Users/tanbirsagar/.m2/repository/com/redislabs/jredistimeseries/1.4.0/jredistimeseries-1.4.0.jar:/Users/tanbirsagar/.m2/repository/redis/clients/jedis/3.3.0/jedis-3.3.0.jar:/Users/tanbirsagar/.m2/repository/org/apache/commons/commons-pool2/2.9.0/commons-pool2-2.9.0.jar:/Users/tanbirsagar/.m2/repository/org/postgresql/postgresql/42.2.20/postgresql-42.2.20.jar:/Users/tanbirsagar/.m2/repository/org/checkerframework/checker-qual/3.5.0/checker-qual-3.5.0.jar:/Users/tanbirsagar/.m2/repository/org/projectlombok/lombok/1.18.8/lombok-1.18.8.jar:/Users/tanbirsagar/.m2/repository/com/github/ulisesbocchio/jasypt-spring-boot-starter/3.0.3/jasypt-spring-boot-starter-3.0.3.jar:/Users/tanbirsagar/.m2/repository/com/github/ulisesbocchio/jasypt-spring-boot/3.0.3/jasypt-spring-boot-3.0.3.jar:/Users/tanbirsagar/.m2/repository/org/jasypt/jasypt/1.9.3/jasypt-1.9.3.jar:/Users/tanbirsagar/.m2/repository/org/modelmapper/modelmapper/2.3.5/modelmapper-2.3.5.jar:/Users/tanbirsagar/.m2/repository/org/springframework/boot/spring-boot-starter-test/2.4.6/spring-boot-starter-test-2.4.6.jar:/Users/tanbirsagar/.m2/repository/org/springframework/boot/spring-boot-test/2.4.6/spring-boot-test-2.4.6.jar:/Users/tanbirsagar/.m2/repository/org/springframework/boot/spring-boot-test-autoconfigure/2.4.6/spring-boot-test-autoconfigure-2.4.6.jar:/Users/tanbirsagar/.m2/repository/com/jayway/jsonpath/json-path/2.4.0/json-path-2.4.0.jar:/Users/tanbirsagar/.m2/repository/net/minidev/json-smart/2.3.1/json-smart-2.3.1.jar:/Users/tanbirsagar/.m2/repository/net/minidev/accessors-smart/2.3.1/accessors-smart-2.3.1.jar:/Users/tanbirsagar/.m2/repository/org/ow2/asm/asm/5.0.4/asm-5.0.4.jar:/Users/tanbirsagar/.m2/repository/jakarta/xml/bind/jakarta.xml.bind-api/2.3.3/jakarta.xml.bind-api-2.3.3.jar:/Users/tanbirsagar/.m2/repository/jakarta/activation/jakarta.activation-api/1.2.2/jakarta.activation-api-1.2.2.jar:/Users/tanbirsagar/.m2/repository/org/assertj/assertj-core/3.18.1/assertj-core-3.18.1.jar:/Users/tanbirsagar/.m2/repository/org/hamcrest/hamcrest/2.2/hamcrest-2.2.jar:/Users/tanbirsagar/.m2/repository/org/junit/jupiter/junit-jupiter/5.7.2/junit-jupiter-5.7.2.jar:/Users/tanbirsagar/.m2/repository/org/junit/jupiter/junit-jupiter-api/5.7.2/junit-jupiter-api-5.7.2.jar:/Users/tanbirsagar/.m2/repository/org/apiguardian/apiguardian-api/1.1.0/apiguardian-api-1.1.0.jar:/Users/tanbirsagar/.m2/repository/org/opentest4j/opentest4j/1.2.0/opentest4j-1.2.0.jar:/Users/tanbirsagar/.m2/repository/org/junit/platform/junit-platform-commons/1.7.2/junit-platform-commons-1.7.2.jar:/Users/tanbirsagar/.m2/repository/org/junit/jupiter/junit-jupiter-params/5.7.2/junit-jupiter-params-5.7.2.jar:/Users/tanbirsagar/.m2/repository/org/junit/jupiter/junit-jupiter-engine/5.7.2/junit-jupiter-engine-5.7.2.jar:/Users/tanbirsagar/.m2/repository/org/junit/platform/junit-platform-engine/1.7.2/junit-platform-engine-1.7.2.jar:/Users/tanbirsagar/.m2/repository/org/mockito/mockito-core/3.6.28/mockito-core-3.6.28.jar:/Users/tanbirsagar/.m2/repository/net/bytebuddy/byte-buddy-agent/1.10.22/byte-buddy-agent-1.10.22.jar:/Users/tanbirsagar/.m2/repository/org/objenesis/objenesis/3.1/objenesis-3.1.jar:/Users/tanbirsagar/.m2/repository/org/mockito/mockito-junit-jupiter/3.6.28/mockito-junit-jupiter-3.6.28.jar:/Users/tanbirsagar/.m2/repository/org/skyscreamer/jsonassert/1.5.0/jsonassert-1.5.0.jar:/Users/tanbirsagar/.m2/repository/com/vaadin/external/google/android-json/0.0.20131108.vaadin1/android-json-0.0.20131108.vaadin1.jar:/Users/tanbirsagar/.m2/repository/org/springframework/spring-core/5.3.7/spring-core-5.3.7.jar:/Users/tanbirsagar/.m2/repository/org/springframework/spring-jcl/5.3.7/spring-jcl-5.3.7.jar:/Users/tanbirsagar/.m2/repository/org/springframework/spring-test/5.3.7/spring-test-5.3.7.jar:/Users/tanbirsagar/.m2/repository/org/xmlunit/xmlunit-core/2.7.0/xmlunit-core-2.7.0.jar:/Users/tanbirsagar/.m2/repository/junit/junit/4.12/junit-4.12.jar:/Users/tanbirsagar/.m2/repository/org/hamcrest/hamcrest-core/2.2/hamcrest-core-2.2.jar:"/>
    <property name="sun.cpu.endian" value="little"/>
    <property name="user.home" value="/Users/tanbirsagar"/>
    <property name="user.language" value="en"/>
    <property name="java.specification.vendor" value="Oracle Corporation"/>
    <property name="java.version.date" value="2019-10-15"/>
    <property name="java.home" value="/Library/Java/JavaVirtualMachines/jdk-13.0.1.jdk/Contents/Home"/>
    <property name="file.separator" value="/"/>
    <property name="basedir" value="/Users/tanbirsagar/Documents/Projects/awakelabs-api-backend/write-service"/>
    <property name="java.vm.compressedOopsMode" value="Zero based"/>
    <property name="line.separator" value="&#10;"/>
    <property name="java.specification.name" value="Java Platform API Specification"/>
    <property name="java.vm.specification.vendor" value="Oracle Corporation"/>
    <property name="surefire.real.class.path" value="/Users/tanbirsagar/Documents/Projects/awakelabs-api-backend/write-service/target/surefire/surefirebooter17956877044603236906.jar"/>
    <property name="sun.management.compiler" value="HotSpot 64-Bit Tiered Compilers"/>
    <property name="ftp.nonProxyHosts" value="local|*.local|169.254/16|*.169.254/16"/>
    <property name="java.runtime.version" value="13.0.1+9"/>
    <property name="user.name" value="tanbirsagar"/>
    <property name="path.separator" value=":"/>
    <property name="os.version" value="10.15.7"/>
    <property name="java.runtime.name" value="Java(TM) SE Runtime Environment"/>
    <property name="file.encoding" value="UTF-8"/>
    <property name="java.vm.name" value="Java HotSpot(TM) 64-Bit Server VM"/>
    <property name="localRepository" value="/Users/tanbirsagar/.m2/repository"/>
    <property name="java.vendor.url.bug" value="https://bugreport.java.com/bugreport/"/>
    <property name="java.io.tmpdir" value="/var/folders/9w/cxrv1jzd2vs_4v39ndjhn3xc0000gn/T/"/>
    <property name="java.version" value="13.0.1"/>
    <property name="user.dir" value="/Users/tanbirsagar/Documents/Projects/awakelabs-api-backend/write-service"/>
    <property name="os.arch" value="x86_64"/>
    <property name="java.vm.specification.name" value="Java Virtual Machine Specification"/>
    <property name="idea.version2019.3.3" value="true"/>
    <property name="java.library.path" value="/Users/tanbirsagar/Library/Java/Extensions:/Library/Java/Extensions:/Network/Library/Java/Extensions:/System/Library/Java/Extensions:/usr/lib/java:."/>
    <property name="java.vm.info" value="mixed mode, sharing"/>
    <property name="java.vendor" value="Oracle Corporation"/>
    <property name="java.vm.version" value="13.0.1+9"/>
    <property name="sun.io.unicode.encoding" value="UnicodeBig"/>
    <property name="socksNonProxyHosts" value="local|*.local|169.254/16|*.169.254/16"/>
    <property name="java.class.version" value="57.0"/>
  </properties>
  <testcase name="writeVitalSignTest" classname="com.awakelabs.writeservice.VitalSignWriteControllerIntegrationTest" time="0.006">
    <error message="Failed to load ApplicationContext" type="java.lang.IllegalStateException">java.lang.IllegalStateException: Failed to load ApplicationContext
Caused by: org.springframework.beans.factory.UnsatisfiedDependencyException: Error creating bean with name 'vitalSignWriteController': Unsatisfied dependency expressed through field 'vitalSignWriteService'; nested exception is org.springframework.beans.factory.UnsatisfiedDependencyException: Error creating bean with name 'vitalSignWriteService' defined in file [/Users/tanbirsagar/Documents/Projects/awakelabs-api-backend/write-service/target/classes/com/awakelabs/writeservice/service/VitalSignWriteService.class]: Unsatisfied dependency expressed through constructor parameter 2; nested exception is org.springframework.beans.factory.NoSuchBeanDefinitionException: No qualifying bean of type 'com.awakelabs.writeservice.service.EncoderService' available: expected at least 1 bean which qualifies as autowire candidate. Dependency annotations: {}
Caused by: org.springframework.beans.factory.UnsatisfiedDependencyException: Error creating bean with name 'vitalSignWriteService' defined in file [/Users/tanbirsagar/Documents/Projects/awakelabs-api-backend/write-service/target/classes/com/awakelabs/writeservice/service/VitalSignWriteService.class]: Unsatisfied dependency expressed through constructor parameter 2; nested exception is org.springframework.beans.factory.NoSuchBeanDefinitionException: No qualifying bean of type 'com.awakelabs.writeservice.service.EncoderService' available: expected at least 1 bean which qualifies as autowire candidate. Dependency annotations: {}
Caused by: org.springframework.beans.factory.NoSuchBeanDefinitionException: No qualifying bean of type 'com.awakelabs.writeservice.service.EncoderService' available: expected at least 1 bean which qualifies as autowire candidate. Dependency annotations: {}
</error>
    <system-out><![CDATA[14:47:40.701 [main] DEBUG org.springframework.test.context.BootstrapUtils - Instantiating CacheAwareContextLoaderDelegate from class [org.springframework.test.context.cache.DefaultCacheAwareContextLoaderDelegate]
14:47:40.718 [main] DEBUG org.springframework.test.context.BootstrapUtils - Instantiating BootstrapContext using constructor [public org.springframework.test.context.support.DefaultBootstrapContext(java.lang.Class,org.springframework.test.context.CacheAwareContextLoaderDelegate)]
14:47:40.773 [main] DEBUG org.springframework.test.context.BootstrapUtils - Instantiating TestContextBootstrapper for test class [com.awakelabs.writeservice.VitalSignWriteControllerIntegrationTest] from class [org.springframework.boot.test.context.SpringBootTestContextBootstrapper]
14:47:40.792 [main] INFO org.springframework.boot.test.context.SpringBootTestContextBootstrapper - Neither @ContextConfiguration nor @ContextHierarchy found for test class [com.awakelabs.writeservice.VitalSignWriteControllerIntegrationTest], using SpringBootContextLoader
14:47:40.799 [main] DEBUG org.springframework.test.context.support.AbstractContextLoader - Did not detect default resource location for test class [com.awakelabs.writeservice.VitalSignWriteControllerIntegrationTest]: class path resource [com/awakelabs/writeservice/VitalSignWriteControllerIntegrationTest-context.xml] does not exist
14:47:40.802 [main] DEBUG org.springframework.test.context.support.AbstractContextLoader - Did not detect default resource location for test class [com.awakelabs.writeservice.VitalSignWriteControllerIntegrationTest]: class path resource [com/awakelabs/writeservice/VitalSignWriteControllerIntegrationTestContext.groovy] does not exist
14:47:40.805 [main] INFO org.springframework.test.context.support.AbstractContextLoader - Could not detect default resource locations for test class [com.awakelabs.writeservice.VitalSignWriteControllerIntegrationTest]: no resource found for suffixes {-context.xml, Context.groovy}.
14:47:40.807 [main] INFO org.springframework.test.context.support.AnnotationConfigContextLoaderUtils - Could not detect default configuration classes for test class [com.awakelabs.writeservice.VitalSignWriteControllerIntegrationTest]: VitalSignWriteControllerIntegrationTest does not declare any static, non-private, non-final, nested classes annotated with @Configuration.
14:47:40.893 [main] DEBUG org.springframework.test.context.support.ActiveProfilesUtils - Could not find an 'annotation declaring class' for annotation type [org.springframework.test.context.ActiveProfiles] and class [com.awakelabs.writeservice.VitalSignWriteControllerIntegrationTest]
14:47:40.990 [main] DEBUG org.springframework.context.annotation.ClassPathScanningCandidateComponentProvider - Identified candidate component class: file [/Users/tanbirsagar/Documents/Projects/awakelabs-api-backend/write-service/target/classes/com/awakelabs/writeservice/WriteServiceApplication.class]
14:47:40.992 [main] INFO org.springframework.boot.test.context.SpringBootTestContextBootstrapper - Found @SpringBootConfiguration com.awakelabs.writeservice.WriteServiceApplication for test class com.awakelabs.writeservice.VitalSignWriteControllerIntegrationTest
14:47:41.172 [main] DEBUG org.springframework.boot.test.context.SpringBootTestContextBootstrapper - @TestExecutionListeners is not present for class [com.awakelabs.writeservice.VitalSignWriteControllerIntegrationTest]: using defaults.
14:47:41.173 [main] INFO org.springframework.boot.test.context.SpringBootTestContextBootstrapper - Loaded default TestExecutionListener class names from location [META-INF/spring.factories]: [org.springframework.boot.test.mock.mockito.MockitoTestExecutionListener, org.springframework.boot.test.mock.mockito.ResetMocksTestExecutionListener, org.springframework.boot.test.autoconfigure.restdocs.RestDocsTestExecutionListener, org.springframework.boot.test.autoconfigure.web.client.MockRestServiceServerResetTestExecutionListener, org.springframework.boot.test.autoconfigure.web.servlet.MockMvcPrintOnlyOnFailureTestExecutionListener, org.springframework.boot.test.autoconfigure.web.servlet.WebDriverTestExecutionListener, org.springframework.boot.test.autoconfigure.webservices.client.MockWebServiceServerTestExecutionListener, org.springframework.test.context.web.ServletTestExecutionListener, org.springframework.test.context.support.DirtiesContextBeforeModesTestExecutionListener, org.springframework.test.context.event.ApplicationEventsTestExecutionListener, org.springframework.test.context.support.DependencyInjectionTestExecutionListener, org.springframework.test.context.support.DirtiesContextTestExecutionListener, org.springframework.test.context.transaction.TransactionalTestExecutionListener, org.springframework.test.context.jdbc.SqlScriptsTestExecutionListener, org.springframework.test.context.event.EventPublishingTestExecutionListener]
14:47:41.216 [main] INFO org.springframework.boot.test.context.SpringBootTestContextBootstrapper - Using TestExecutionListeners: [org.springframework.test.context.web.ServletTestExecutionListener@48e92c5c, org.springframework.test.context.support.DirtiesContextBeforeModesTestExecutionListener@2e1ef60, org.springframework.test.context.event.ApplicationEventsTestExecutionListener@22356acd, org.springframework.boot.test.mock.mockito.MockitoTestExecutionListener@386f0da3, org.springframework.boot.test.autoconfigure.SpringBootDependencyInjectionTestExecutionListener@39655d3e, org.springframework.test.context.support.DirtiesContextTestExecutionListener@34f22f9d, org.springframework.test.context.transaction.TransactionalTestExecutionListener@3d1848cc, org.springframework.test.context.jdbc.SqlScriptsTestExecutionListener@7dda48d9, org.springframework.test.context.event.EventPublishingTestExecutionListener@6e4566f1, org.springframework.boot.test.mock.mockito.ResetMocksTestExecutionListener@4b6e2263, org.springframework.boot.test.autoconfigure.restdocs.RestDocsTestExecutionListener@344f4dea, org.springframework.boot.test.autoconfigure.web.client.MockRestServiceServerResetTestExecutionListener@1b7c473a, org.springframework.boot.test.autoconfigure.web.servlet.MockMvcPrintOnlyOnFailureTestExecutionListener@5e4bd84a, org.springframework.boot.test.autoconfigure.web.servlet.WebDriverTestExecutionListener@648c94da, org.springframework.boot.test.autoconfigure.webservices.client.MockWebServiceServerTestExecutionListener@2a62b5bc]
14:47:41.221 [main] DEBUG org.springframework.test.context.support.AbstractDirtiesContextTestExecutionListener - Before test class: context [DefaultTestContext@62ef27a8 testClass = VitalSignWriteControllerIntegrationTest, testInstance = [null], testMethod = [null], testException = [null], mergedContextConfiguration = [WebMergedContextConfiguration@6436a7db testClass = VitalSignWriteControllerIntegrationTest, locations = '{}', classes = '{class com.awakelabs.writeservice.WriteServiceApplication}', contextInitializerClasses = '[]', activeProfiles = '{}', propertySourceLocations = '{}', propertySourceProperties = '{org.springframework.boot.test.context.SpringBootTestContextBootstrapper=true}', contextCustomizers = set[[ImportsContextCustomizer@460ebd80 key = [org.springframework.boot.test.autoconfigure.web.servlet.MockMvcAutoConfiguration, org.springframework.boot.test.autoconfigure.web.servlet.MockMvcWebClientAutoConfiguration, org.springframework.boot.test.autoconfigure.web.servlet.MockMvcWebDriverAutoConfiguration, org.springframework.boot.autoconfigure.security.oauth2.client.servlet.OAuth2ClientAutoConfiguration, org.springframework.boot.autoconfigure.security.oauth2.resource.servlet.OAuth2ResourceServerAutoConfiguration, org.springframework.boot.autoconfigure.security.servlet.SecurityAutoConfiguration, org.springframework.boot.autoconfigure.security.servlet.SecurityFilterAutoConfiguration, org.springframework.boot.autoconfigure.security.servlet.UserDetailsServiceAutoConfiguration, org.springframework.boot.test.autoconfigure.web.servlet.MockMvcSecurityConfiguration]], org.springframework.boot.test.context.filter.ExcludeFilterContextCustomizer@1b11171f, org.springframework.boot.test.json.DuplicateJsonObjectContextCustomizerFactory$DuplicateJsonObjectContextCustomizer@4659191b, org.springframework.boot.test.mock.mockito.MockitoContextCustomizer@0, org.springframework.boot.test.web.client.TestRestTemplateContextCustomizer@3527942a, org.springframework.boot.test.autoconfigure.actuate.metrics.MetricsExportContextCustomizerFactory$DisableMetricExportContextCustomizer@5d534f5d, org.springframework.boot.test.autoconfigure.properties.PropertyMappingContextCustomizer@4b3fa0b3, org.springframework.boot.test.autoconfigure.web.servlet.WebDriverContextCustomizerFactory$Customizer@2794eab6, org.springframework.boot.test.context.SpringBootTestArgs@1, org.springframework.boot.test.context.SpringBootTestWebEnvironment@2db7a79b], resourceBasePath = 'src/main/webapp', contextLoader = 'org.springframework.boot.test.context.SpringBootContextLoader', parent = [null]], attributes = map['org.springframework.test.context.web.ServletTestExecutionListener.activateListener' -> true]], class annotated with @DirtiesContext [false] with mode [null].
14:47:41.268 [main] DEBUG org.springframework.test.context.support.TestPropertySourceUtils - Adding inlined properties to environment: {spring.jmx.enabled=false, org.springframework.boot.test.context.SpringBootTestContextBootstrapper=true}

  .   ____          _            __ _ _
 /\\ / ___'_ __ _ _(_)_ __  __ _ \ \ \ \
( ( )\___ | '_ | '_| | '_ \/ _` | \ \ \ \
 \\/  ___)| |_)| | | | | || (_| |  ) ) ) )
  '  |____| .__|_| |_|_| |_\__, | / / / /
 =========|_|==============|___/=/_/_/_/
 :: Spring Boot ::                (v2.4.6)

2021-05-27 14:47:46.741  INFO 40554 --- [           main] .VitalSignWriteControllerIntegrationTest : Starting VitalSignWriteControllerIntegrationTest using Java 13.0.1 on Tanbirs-MacBook-Pro.local with PID 40554 (started by tanbirsagar in /Users/tanbirsagar/Documents/Projects/awakelabs-api-backend/write-service)
2021-05-27 14:47:46.743  INFO 40554 --- [           main] .VitalSignWriteControllerIntegrationTest : No active profile set, falling back to default profiles: default
2021-05-27 14:47:48.213  INFO 40554 --- [           main] .s.d.r.c.RepositoryConfigurationDelegate : Bootstrapping Spring Data JPA repositories in DEFAULT mode.
2021-05-27 14:47:48.412  INFO 40554 --- [           main] .s.d.r.c.RepositoryConfigurationDelegate : Finished Spring Data repository scanning in 190 ms. Found 2 JPA repository interfaces.
2021-05-27 14:47:48.755  INFO 40554 --- [           main] o.s.cloud.context.scope.GenericScope     : BeanFactory id=c407914b-8b40-3e8d-b939-0f9447274c15
2021-05-27 14:47:48.813  INFO 40554 --- [           main] ptablePropertiesBeanFactoryPostProcessor : Post-processing PropertySource instances
2021-05-27 14:47:48.814  INFO 40554 --- [           main] c.u.j.EncryptablePropertySourceConverter : Converting PropertySource Annotations [org.springframework.boot.test.autoconfigure.properties.AnnotationsPropertySource] to EncryptableEnumerablePropertySourceWrapper
2021-05-27 14:47:48.843  INFO 40554 --- [           main] c.u.j.EncryptablePropertySourceConverter : Converting PropertySource configurationProperties [org.springframework.boot.context.properties.source.ConfigurationPropertySourcesPropertySource] to AOP Proxy
2021-05-27 14:47:48.843  INFO 40554 --- [           main] c.u.j.EncryptablePropertySourceConverter : Converting PropertySource test [org.springframework.core.env.MapPropertySource] to EncryptableMapPropertySourceWrapper
2021-05-27 14:47:48.843  INFO 40554 --- [           main] c.u.j.EncryptablePropertySourceConverter : Converting PropertySource Inlined Test Properties [org.springframework.core.env.MapPropertySource] to EncryptableMapPropertySourceWrapper
2021-05-27 14:47:48.844  INFO 40554 --- [           main] c.u.j.EncryptablePropertySourceConverter : Converting PropertySource systemProperties [org.springframework.core.env.PropertiesPropertySource] to EncryptableMapPropertySourceWrapper
2021-05-27 14:47:48.844  INFO 40554 --- [           main] c.u.j.EncryptablePropertySourceConverter : Converting PropertySource systemEnvironment [org.springframework.boot.env.SystemEnvironmentPropertySourceEnvironmentPostProcessor$OriginAwareSystemEnvironmentPropertySource] to EncryptableSystemEnvironmentPropertySourceWrapper
2021-05-27 14:47:48.844  INFO 40554 --- [           main] c.u.j.EncryptablePropertySourceConverter : Converting PropertySource random [org.springframework.boot.env.RandomValuePropertySource] to EncryptablePropertySourceWrapper
2021-05-27 14:47:48.844  INFO 40554 --- [           main] c.u.j.EncryptablePropertySourceConverter : Converting PropertySource cachedrandom [org.springframework.cloud.util.random.CachedRandomPropertySource] to EncryptablePropertySourceWrapper
2021-05-27 14:47:48.844  INFO 40554 --- [           main] c.u.j.EncryptablePropertySourceConverter : Converting PropertySource springCloudClientHostInfo [org.springframework.core.env.MapPropertySource] to EncryptableMapPropertySourceWrapper
2021-05-27 14:47:48.844  INFO 40554 --- [           main] c.u.j.EncryptablePropertySourceConverter : Converting PropertySource Config resource 'class path resource [application.yml]' via location 'optional:classpath:/' [org.springframework.boot.env.OriginTrackedMapPropertySource] to EncryptableMapPropertySourceWrapper
2021-05-27 14:47:48.929  INFO 40554 --- [           main] c.u.j.filter.DefaultLazyPropertyFilter   : Property Filter custom Bean not found with name 'encryptablePropertyFilter'. Initializing Default Property Filter
2021-05-27 14:47:49.200  INFO 40554 --- [           main] c.u.j.r.DefaultLazyPropertyResolver      : Property Resolver custom Bean not found with name 'encryptablePropertyResolver'. Initializing Default Property Resolver
2021-05-27 14:47:49.206  INFO 40554 --- [           main] c.u.j.d.DefaultLazyPropertyDetector      : Property Detector custom Bean not found with name 'encryptablePropertyDetector'. Initializing Default Property Detector
2021-05-27 14:47:49.211  INFO 40554 --- [           main] c.u.j.encryptor.DefaultLazyEncryptor     : String Encryptor custom Bean not found with name 'jasyptStringEncryptor'. Initializing Default String Encryptor
2021-05-27 14:47:49.223  INFO 40554 --- [           main] c.u.j.c.StringEncryptorBuilder           : Encryptor config not found for property jasypt.encryptor.key-obtention-iterations, using default value: 1000
2021-05-27 14:47:49.224  INFO 40554 --- [           main] c.u.j.c.StringEncryptorBuilder           : Encryptor config not found for property jasypt.encryptor.pool-size, using default value: 1
2021-05-27 14:47:49.224  INFO 40554 --- [           main] c.u.j.c.StringEncryptorBuilder           : Encryptor config not found for property jasypt.encryptor.provider-name, using default value: null
2021-05-27 14:47:49.224  INFO 40554 --- [           main] c.u.j.c.StringEncryptorBuilder           : Encryptor config not found for property jasypt.encryptor.provider-class-name, using default value: null
2021-05-27 14:47:49.225  INFO 40554 --- [           main] c.u.j.c.StringEncryptorBuilder           : Encryptor config not found for property jasypt.encryptor.salt-generator-classname, using default value: org.jasypt.salt.RandomSaltGenerator
2021-05-27 14:47:49.227  INFO 40554 --- [           main] c.u.j.c.StringEncryptorBuilder           : Encryptor config not found for property jasypt.encryptor.string-output-type, using default value: base64
2021-05-27 14:47:49.442  INFO 40554 --- [           main] o.hibernate.jpa.internal.util.LogHelper  : HHH000204: Processing PersistenceUnitInfo [name: default]
2021-05-27 14:47:49.555  INFO 40554 --- [           main] org.hibernate.Version                    : HHH000412: Hibernate ORM core version 5.4.31.Final
2021-05-27 14:47:49.719  INFO 40554 --- [           main] o.hibernate.annotations.common.Version   : HCANN000001: Hibernate Commons Annotations {5.1.2.Final}
2021-05-27 14:47:49.868  INFO 40554 --- [           main] com.zaxxer.hikari.HikariDataSource       : HikariPool-1 - Starting...
2021-05-27 14:47:50.197  INFO 40554 --- [           main] com.zaxxer.hikari.HikariDataSource       : HikariPool-1 - Start completed.
2021-05-27 14:47:50.241  INFO 40554 --- [           main] org.hibernate.dialect.Dialect            : HHH000400: Using dialect: org.hibernate.dialect.PostgreSQL10Dialect
2021-05-27 14:47:51.102  INFO 40554 --- [           main] o.h.e.t.j.p.i.JtaPlatformInitiator       : HHH000490: Using JtaPlatform implementation: [org.hibernate.engine.transaction.jta.platform.internal.NoJtaPlatform]
2021-05-27 14:47:51.115  INFO 40554 --- [           main] j.LocalContainerEntityManagerFactoryBean : Initialized JPA EntityManagerFactory for persistence unit 'default'
2021-05-27 14:47:51.233  WARN 40554 --- [           main] o.s.w.c.s.GenericWebApplicationContext   : Exception encountered during context initialization - cancelling refresh attempt: org.springframework.beans.factory.UnsatisfiedDependencyException: Error creating bean with name 'vitalSignWriteController': Unsatisfied dependency expressed through field 'vitalSignWriteService'; nested exception is org.springframework.beans.factory.UnsatisfiedDependencyException: Error creating bean with name 'vitalSignWriteService' defined in file [/Users/tanbirsagar/Documents/Projects/awakelabs-api-backend/write-service/target/classes/com/awakelabs/writeservice/service/VitalSignWriteService.class]: Unsatisfied dependency expressed through constructor parameter 2; nested exception is org.springframework.beans.factory.NoSuchBeanDefinitionException: No qualifying bean of type 'com.awakelabs.writeservice.service.EncoderService' available: expected at least 1 bean which qualifies as autowire candidate. Dependency annotations: {}
2021-05-27 14:47:51.234  INFO 40554 --- [           main] j.LocalContainerEntityManagerFactoryBean : Closing JPA EntityManagerFactory for persistence unit 'default'
2021-05-27 14:47:51.240  INFO 40554 --- [           main] com.zaxxer.hikari.HikariDataSource       : HikariPool-1 - Shutdown initiated...
2021-05-27 14:47:51.270  INFO 40554 --- [           main] com.zaxxer.hikari.HikariDataSource       : HikariPool-1 - Shutdown completed.
2021-05-27 14:47:51.297  INFO 40554 --- [           main] ConditionEvaluationReportLoggingListener : 

Error starting ApplicationContext. To display the conditions report re-run your application with 'debug' enabled.
2021-05-27 14:47:51.322 ERROR 40554 --- [           main] o.s.b.d.LoggingFailureAnalysisReporter   : 

***************************
APPLICATION FAILED TO START
***************************

Description:

Parameter 2 of constructor in com.awakelabs.writeservice.service.VitalSignWriteService required a bean of type 'com.awakelabs.writeservice.service.EncoderService' that could not be found.

The injection point has the following annotations:
	- @org.springframework.beans.factory.annotation.Autowired(required=true)


Action:

Consider defining a bean of type 'com.awakelabs.writeservice.service.EncoderService' in your configuration.

2021-05-27 14:47:51.332 ERROR 40554 --- [           main] o.s.test.context.TestContextManager      : Caught exception while allowing TestExecutionListener [org.springframework.test.context.web.ServletTestExecutionListener@48e92c5c] to prepare test instance [com.awakelabs.writeservice.VitalSignWriteControllerIntegrationTest@22617270]

java.lang.IllegalStateException: Failed to load ApplicationContext
	at org.springframework.test.context.cache.DefaultCacheAwareContextLoaderDelegate.loadContext(DefaultCacheAwareContextLoaderDelegate.java:132) ~[spring-test-5.3.7.jar:5.3.7]
	at org.springframework.test.context.support.DefaultTestContext.getApplicationContext(DefaultTestContext.java:124) ~[spring-test-5.3.7.jar:5.3.7]
	at org.springframework.test.context.web.ServletTestExecutionListener.setUpRequestContextIfNecessary(ServletTestExecutionListener.java:190) ~[spring-test-5.3.7.jar:5.3.7]
	at org.springframework.test.context.web.ServletTestExecutionListener.prepareTestInstance(ServletTestExecutionListener.java:132) ~[spring-test-5.3.7.jar:5.3.7]
	at org.springframework.test.context.TestContextManager.prepareTestInstance(TestContextManager.java:244) ~[spring-test-5.3.7.jar:5.3.7]
	at org.springframework.test.context.junit.jupiter.SpringExtension.postProcessTestInstance(SpringExtension.java:138) ~[spring-test-5.3.7.jar:5.3.7]
	at org.junit.jupiter.engine.descriptor.ClassBasedTestDescriptor.lambda$invokeTestInstancePostProcessors$6(ClassBasedTestDescriptor.java:350) ~[junit-jupiter-engine-5.7.2.jar:5.7.2]
	at org.junit.jupiter.engine.descriptor.ClassBasedTestDescriptor.executeAndMaskThrowable(ClassBasedTestDescriptor.java:355) ~[junit-jupiter-engine-5.7.2.jar:5.7.2]
	at org.junit.jupiter.engine.descriptor.ClassBasedTestDescriptor.lambda$invokeTestInstancePostProcessors$7(ClassBasedTestDescriptor.java:350) ~[junit-jupiter-engine-5.7.2.jar:5.7.2]
	at java.base/java.util.stream.ReferencePipeline$3$1.accept(ReferencePipeline.java:195) ~[na:na]
	at java.base/java.util.stream.ReferencePipeline$2$1.accept(ReferencePipeline.java:177) ~[na:na]
	at java.base/java.util.ArrayList$ArrayListSpliterator.forEachRemaining(ArrayList.java:1621) ~[na:na]
	at java.base/java.util.stream.AbstractPipeline.copyInto(AbstractPipeline.java:484) ~[na:na]
	at java.base/java.util.stream.AbstractPipeline.wrapAndCopyInto(AbstractPipeline.java:474) ~[na:na]
	at java.base/java.util.stream.StreamSpliterators$WrappingSpliterator.forEachRemaining(StreamSpliterators.java:312) ~[na:na]
	at java.base/java.util.stream.Streams$ConcatSpliterator.forEachRemaining(Streams.java:735) ~[na:na]
	at java.base/java.util.stream.Streams$ConcatSpliterator.forEachRemaining(Streams.java:734) ~[na:na]
	at java.base/java.util.stream.ReferencePipeline$Head.forEach(ReferencePipeline.java:658) ~[na:na]
	at org.junit.jupiter.engine.descriptor.ClassBasedTestDescriptor.invokeTestInstancePostProcessors(ClassBasedTestDescriptor.java:349) ~[junit-jupiter-engine-5.7.2.jar:5.7.2]
	at org.junit.jupiter.engine.descriptor.ClassBasedTestDescriptor.lambda$instantiateAndPostProcessTestInstance$4(ClassBasedTestDescriptor.java:270) ~[junit-jupiter-engine-5.7.2.jar:5.7.2]
	at org.junit.platform.engine.support.hierarchical.ThrowableCollector.execute(ThrowableCollector.java:73) ~[junit-platform-engine-1.7.2.jar:1.7.2]
	at org.junit.jupiter.engine.descriptor.ClassBasedTestDescriptor.instantiateAndPostProcessTestInstance(ClassBasedTestDescriptor.java:269) ~[junit-jupiter-engine-5.7.2.jar:5.7.2]
	at org.junit.jupiter.engine.descriptor.ClassBasedTestDescriptor.lambda$testInstancesProvider$2(ClassBasedTestDescriptor.java:259) ~[junit-jupiter-engine-5.7.2.jar:5.7.2]
	at java.base/java.util.Optional.orElseGet(Optional.java:362) ~[na:na]
	at org.junit.jupiter.engine.descriptor.ClassBasedTestDescriptor.lambda$testInstancesProvider$3(ClassBasedTestDescriptor.java:258) ~[junit-jupiter-engine-5.7.2.jar:5.7.2]
	at org.junit.jupiter.engine.execution.TestInstancesProvider.getTestInstances(TestInstancesProvider.java:31) ~[junit-jupiter-engine-5.7.2.jar:5.7.2]
	at org.junit.jupiter.engine.descriptor.TestMethodTestDescriptor.lambda$prepare$0(TestMethodTestDescriptor.java:101) ~[junit-jupiter-engine-5.7.2.jar:5.7.2]
	at org.junit.platform.engine.support.hierarchical.ThrowableCollector.execute(ThrowableCollector.java:73) ~[junit-platform-engine-1.7.2.jar:1.7.2]
	at org.junit.jupiter.engine.descriptor.TestMethodTestDescriptor.prepare(TestMethodTestDescriptor.java:100) ~[junit-jupiter-engine-5.7.2.jar:5.7.2]
	at org.junit.jupiter.engine.descriptor.TestMethodTestDescriptor.prepare(TestMethodTestDescriptor.java:65) ~[junit-jupiter-engine-5.7.2.jar:5.7.2]
	at org.junit.platform.engine.support.hierarchical.NodeTestTask.lambda$prepare$1(NodeTestTask.java:111) ~[junit-platform-engine-1.7.2.jar:1.7.2]
	at org.junit.platform.engine.support.hierarchical.ThrowableCollector.execute(ThrowableCollector.java:73) ~[junit-platform-engine-1.7.2.jar:1.7.2]
	at org.junit.platform.engine.support.hierarchical.NodeTestTask.prepare(NodeTestTask.java:111) ~[junit-platform-engine-1.7.2.jar:1.7.2]
	at org.junit.platform.engine.support.hierarchical.NodeTestTask.execute(NodeTestTask.java:79) ~[junit-platform-engine-1.7.2.jar:1.7.2]
	at java.base/java.util.ArrayList.forEach(ArrayList.java:1507) ~[na:na]
	at org.junit.platform.engine.support.hierarchical.SameThreadHierarchicalTestExecutorService.invokeAll(SameThreadHierarchicalTestExecutorService.java:38) ~[junit-platform-engine-1.7.2.jar:1.7.2]
	at org.junit.platform.engine.support.hierarchical.NodeTestTask.lambda$executeRecursively$5(NodeTestTask.java:143) ~[junit-platform-engine-1.7.2.jar:1.7.2]
	at org.junit.platform.engine.support.hierarchical.ThrowableCollector.execute(ThrowableCollector.java:73) ~[junit-platform-engine-1.7.2.jar:1.7.2]
	at org.junit.platform.engine.support.hierarchical.NodeTestTask.lambda$executeRecursively$7(NodeTestTask.java:129) ~[junit-platform-engine-1.7.2.jar:1.7.2]
	at org.junit.platform.engine.support.hierarchical.Node.around(Node.java:137) ~[junit-platform-engine-1.7.2.jar:1.7.2]
	at org.junit.platform.engine.support.hierarchical.NodeTestTask.lambda$executeRecursively$8(NodeTestTask.java:127) ~[junit-platform-engine-1.7.2.jar:1.7.2]
	at org.junit.platform.engine.support.hierarchical.ThrowableCollector.execute(ThrowableCollector.java:73) ~[junit-platform-engine-1.7.2.jar:1.7.2]
	at org.junit.platform.engine.support.hierarchical.NodeTestTask.executeRecursively(NodeTestTask.java:126) ~[junit-platform-engine-1.7.2.jar:1.7.2]
	at org.junit.platform.engine.support.hierarchical.NodeTestTask.execute(NodeTestTask.java:84) ~[junit-platform-engine-1.7.2.jar:1.7.2]
	at java.base/java.util.ArrayList.forEach(ArrayList.java:1507) ~[na:na]
	at org.junit.platform.engine.support.hierarchical.SameThreadHierarchicalTestExecutorService.invokeAll(SameThreadHierarchicalTestExecutorService.java:38) ~[junit-platform-engine-1.7.2.jar:1.7.2]
	at org.junit.platform.engine.support.hierarchical.NodeTestTask.lambda$executeRecursively$5(NodeTestTask.java:143) ~[junit-platform-engine-1.7.2.jar:1.7.2]
	at org.junit.platform.engine.support.hierarchical.ThrowableCollector.execute(ThrowableCollector.java:73) ~[junit-platform-engine-1.7.2.jar:1.7.2]
	at org.junit.platform.engine.support.hierarchical.NodeTestTask.lambda$executeRecursively$7(NodeTestTask.java:129) ~[junit-platform-engine-1.7.2.jar:1.7.2]
	at org.junit.platform.engine.support.hierarchical.Node.around(Node.java:137) ~[junit-platform-engine-1.7.2.jar:1.7.2]
	at org.junit.platform.engine.support.hierarchical.NodeTestTask.lambda$executeRecursively$8(NodeTestTask.java:127) ~[junit-platform-engine-1.7.2.jar:1.7.2]
	at org.junit.platform.engine.support.hierarchical.ThrowableCollector.execute(ThrowableCollector.java:73) ~[junit-platform-engine-1.7.2.jar:1.7.2]
	at org.junit.platform.engine.support.hierarchical.NodeTestTask.executeRecursively(NodeTestTask.java:126) ~[junit-platform-engine-1.7.2.jar:1.7.2]
	at org.junit.platform.engine.support.hierarchical.NodeTestTask.execute(NodeTestTask.java:84) ~[junit-platform-engine-1.7.2.jar:1.7.2]
	at org.junit.platform.engine.support.hierarchical.SameThreadHierarchicalTestExecutorService.submit(SameThreadHierarchicalTestExecutorService.java:32) ~[junit-platform-engine-1.7.2.jar:1.7.2]
	at org.junit.platform.engine.support.hierarchical.HierarchicalTestExecutor.execute(HierarchicalTestExecutor.java:57) ~[junit-platform-engine-1.7.2.jar:1.7.2]
	at org.junit.platform.engine.support.hierarchical.HierarchicalTestEngine.execute(HierarchicalTestEngine.java:51) ~[junit-platform-engine-1.7.2.jar:1.7.2]
	at org.junit.platform.launcher.core.DefaultLauncher.execute(DefaultLauncher.java:220) ~[junit-platform-launcher-1.3.1.jar:1.3.1]
	at org.junit.platform.launcher.core.DefaultLauncher.lambda$execute$6(DefaultLauncher.java:188) ~[junit-platform-launcher-1.3.1.jar:1.3.1]
	at org.junit.platform.launcher.core.DefaultLauncher.withInterceptedStreams(DefaultLauncher.java:202) ~[junit-platform-launcher-1.3.1.jar:1.3.1]
	at org.junit.platform.launcher.core.DefaultLauncher.execute(DefaultLauncher.java:181) ~[junit-platform-launcher-1.3.1.jar:1.3.1]
	at org.junit.platform.launcher.core.DefaultLauncher.execute(DefaultLauncher.java:128) ~[junit-platform-launcher-1.3.1.jar:1.3.1]
	at org.apache.maven.surefire.junitplatform.JUnitPlatformProvider.invokeAllTests(JUnitPlatformProvider.java:150) ~[surefire-junit-platform-2.22.2.jar:2.22.2]
	at org.apache.maven.surefire.junitplatform.JUnitPlatformProvider.invoke(JUnitPlatformProvider.java:124) ~[surefire-junit-platform-2.22.2.jar:2.22.2]
	at org.apache.maven.surefire.booter.ForkedBooter.invokeProviderInSameClassLoader(ForkedBooter.java:384) ~[surefire-booter-2.22.2.jar:2.22.2]
	at org.apache.maven.surefire.booter.ForkedBooter.runSuitesInProcess(ForkedBooter.java:345) ~[surefire-booter-2.22.2.jar:2.22.2]
	at org.apache.maven.surefire.booter.ForkedBooter.execute(ForkedBooter.java:126) ~[surefire-booter-2.22.2.jar:2.22.2]
	at org.apache.maven.surefire.booter.ForkedBooter.main(ForkedBooter.java:418) ~[surefire-booter-2.22.2.jar:2.22.2]
Caused by: org.springframework.beans.factory.UnsatisfiedDependencyException: Error creating bean with name 'vitalSignWriteController': Unsatisfied dependency expressed through field 'vitalSignWriteService'; nested exception is org.springframework.beans.factory.UnsatisfiedDependencyException: Error creating bean with name 'vitalSignWriteService' defined in file [/Users/tanbirsagar/Documents/Projects/awakelabs-api-backend/write-service/target/classes/com/awakelabs/writeservice/service/VitalSignWriteService.class]: Unsatisfied dependency expressed through constructor parameter 2; nested exception is org.springframework.beans.factory.NoSuchBeanDefinitionException: No qualifying bean of type 'com.awakelabs.writeservice.service.EncoderService' available: expected at least 1 bean which qualifies as autowire candidate. Dependency annotations: {}
	at org.springframework.beans.factory.annotation.AutowiredAnnotationBeanPostProcessor$AutowiredFieldElement.resolveFieldValue(AutowiredAnnotationBeanPostProcessor.java:660) ~[spring-beans-5.3.7.jar:5.3.7]
	at org.springframework.beans.factory.annotation.AutowiredAnnotationBeanPostProcessor$AutowiredFieldElement.inject(AutowiredAnnotationBeanPostProcessor.java:640) ~[spring-beans-5.3.7.jar:5.3.7]
	at org.springframework.beans.factory.annotation.InjectionMetadata.inject(InjectionMetadata.java:119) ~[spring-beans-5.3.7.jar:5.3.7]
	at org.springframework.beans.factory.annotation.AutowiredAnnotationBeanPostProcessor.postProcessProperties(AutowiredAnnotationBeanPostProcessor.java:399) ~[spring-beans-5.3.7.jar:5.3.7]
	at org.springframework.beans.factory.support.AbstractAutowireCapableBeanFactory.populateBean(AbstractAutowireCapableBeanFactory.java:1413) ~[spring-beans-5.3.7.jar:5.3.7]
	at org.springframework.beans.factory.support.AbstractAutowireCapableBeanFactory.doCreateBean(AbstractAutowireCapableBeanFactory.java:601) ~[spring-beans-5.3.7.jar:5.3.7]
	at org.springframework.beans.factory.support.AbstractAutowireCapableBeanFactory.createBean(AbstractAutowireCapableBeanFactory.java:524) ~[spring-beans-5.3.7.jar:5.3.7]
	at org.springframework.beans.factory.support.AbstractBeanFactory.lambda$doGetBean$0(AbstractBeanFactory.java:335) ~[spring-beans-5.3.7.jar:5.3.7]
	at org.springframework.beans.factory.support.DefaultSingletonBeanRegistry.getSingleton(DefaultSingletonBeanRegistry.java:234) ~[spring-beans-5.3.7.jar:5.3.7]
	at org.springframework.beans.factory.support.AbstractBeanFactory.doGetBean(AbstractBeanFactory.java:333) ~[spring-beans-5.3.7.jar:5.3.7]
	at org.springframework.beans.factory.support.AbstractBeanFactory.getBean(AbstractBeanFactory.java:208) ~[spring-beans-5.3.7.jar:5.3.7]
	at org.springframework.beans.factory.support.DefaultListableBeanFactory.preInstantiateSingletons(DefaultListableBeanFactory.java:944) ~[spring-beans-5.3.7.jar:5.3.7]
	at org.springframework.context.support.AbstractApplicationContext.finishBeanFactoryInitialization(AbstractApplicationContext.java:918) ~[spring-context-5.3.7.jar:5.3.7]
	at org.springframework.context.support.AbstractApplicationContext.refresh(AbstractApplicationContext.java:583) ~[spring-context-5.3.7.jar:5.3.7]
	at org.springframework.boot.SpringApplication.refresh(SpringApplication.java:771) ~[spring-boot-2.4.6.jar:2.4.6]
	at org.springframework.boot.SpringApplication.refresh(SpringApplication.java:763) ~[spring-boot-2.4.6.jar:2.4.6]
	at org.springframework.boot.SpringApplication.refreshContext(SpringApplication.java:438) ~[spring-boot-2.4.6.jar:2.4.6]
	at org.springframework.boot.SpringApplication.run(SpringApplication.java:339) ~[spring-boot-2.4.6.jar:2.4.6]
	at org.springframework.boot.test.context.SpringBootContextLoader.loadContext(SpringBootContextLoader.java:123) ~[spring-boot-test-2.4.6.jar:2.4.6]
	at org.springframework.test.context.cache.DefaultCacheAwareContextLoaderDelegate.loadContextInternal(DefaultCacheAwareContextLoaderDelegate.java:99) ~[spring-test-5.3.7.jar:5.3.7]
	at org.springframework.test.context.cache.DefaultCacheAwareContextLoaderDelegate.loadContext(DefaultCacheAwareContextLoaderDelegate.java:124) ~[spring-test-5.3.7.jar:5.3.7]
	... 67 common frames omitted
Caused by: org.springframework.beans.factory.UnsatisfiedDependencyException: Error creating bean with name 'vitalSignWriteService' defined in file [/Users/tanbirsagar/Documents/Projects/awakelabs-api-backend/write-service/target/classes/com/awakelabs/writeservice/service/VitalSignWriteService.class]: Unsatisfied dependency expressed through constructor parameter 2; nested exception is org.springframework.beans.factory.NoSuchBeanDefinitionException: No qualifying bean of type 'com.awakelabs.writeservice.service.EncoderService' available: expected at least 1 bean which qualifies as autowire candidate. Dependency annotations: {}
	at org.springframework.beans.factory.support.ConstructorResolver.createArgumentArray(ConstructorResolver.java:800) ~[spring-beans-5.3.7.jar:5.3.7]
	at org.springframework.beans.factory.support.ConstructorResolver.autowireConstructor(ConstructorResolver.java:229) ~[spring-beans-5.3.7.jar:5.3.7]
	at org.springframework.beans.factory.support.AbstractAutowireCapableBeanFactory.autowireConstructor(AbstractAutowireCapableBeanFactory.java:1354) ~[spring-beans-5.3.7.jar:5.3.7]
	at org.springframework.beans.factory.support.AbstractAutowireCapableBeanFactory.createBeanInstance(AbstractAutowireCapableBeanFactory.java:1204) ~[spring-beans-5.3.7.jar:5.3.7]
	at org.springframework.beans.factory.support.AbstractAutowireCapableBeanFactory.doCreateBean(AbstractAutowireCapableBeanFactory.java:564) ~[spring-beans-5.3.7.jar:5.3.7]
	at org.springframework.beans.factory.support.AbstractAutowireCapableBeanFactory.createBean(AbstractAutowireCapableBeanFactory.java:524) ~[spring-beans-5.3.7.jar:5.3.7]
	at org.springframework.beans.factory.support.AbstractBeanFactory.lambda$doGetBean$0(AbstractBeanFactory.java:335) ~[spring-beans-5.3.7.jar:5.3.7]
	at org.springframework.beans.factory.support.DefaultSingletonBeanRegistry.getSingleton(DefaultSingletonBeanRegistry.java:234) ~[spring-beans-5.3.7.jar:5.3.7]
	at org.springframework.beans.factory.support.AbstractBeanFactory.doGetBean(AbstractBeanFactory.java:333) ~[spring-beans-5.3.7.jar:5.3.7]
	at org.springframework.beans.factory.support.AbstractBeanFactory.getBean(AbstractBeanFactory.java:208) ~[spring-beans-5.3.7.jar:5.3.7]
	at org.springframework.beans.factory.config.DependencyDescriptor.resolveCandidate(DependencyDescriptor.java:276) ~[spring-beans-5.3.7.jar:5.3.7]
	at org.springframework.beans.factory.support.DefaultListableBeanFactory.doResolveDependency(DefaultListableBeanFactory.java:1380) ~[spring-beans-5.3.7.jar:5.3.7]
	at org.springframework.beans.factory.support.DefaultListableBeanFactory.resolveDependency(DefaultListableBeanFactory.java:1300) ~[spring-beans-5.3.7.jar:5.3.7]
	at org.springframework.beans.factory.annotation.AutowiredAnnotationBeanPostProcessor$AutowiredFieldElement.resolveFieldValue(AutowiredAnnotationBeanPostProcessor.java:657) ~[spring-beans-5.3.7.jar:5.3.7]
	... 87 common frames omitted
Caused by: org.springframework.beans.factory.NoSuchBeanDefinitionException: No qualifying bean of type 'com.awakelabs.writeservice.service.EncoderService' available: expected at least 1 bean which qualifies as autowire candidate. Dependency annotations: {}
	at org.springframework.beans.factory.support.DefaultListableBeanFactory.raiseNoMatchingBeanFound(DefaultListableBeanFactory.java:1790) ~[spring-beans-5.3.7.jar:5.3.7]
	at org.springframework.beans.factory.support.DefaultListableBeanFactory.doResolveDependency(DefaultListableBeanFactory.java:1346) ~[spring-beans-5.3.7.jar:5.3.7]
	at org.springframework.beans.factory.support.DefaultListableBeanFactory.resolveDependency(DefaultListableBeanFactory.java:1300) ~[spring-beans-5.3.7.jar:5.3.7]
	at org.springframework.beans.factory.support.ConstructorResolver.resolveAutowiredArgument(ConstructorResolver.java:887) ~[spring-beans-5.3.7.jar:5.3.7]
	at org.springframework.beans.factory.support.ConstructorResolver.createArgumentArray(ConstructorResolver.java:791) ~[spring-beans-5.3.7.jar:5.3.7]
	... 100 common frames omitted

]]></system-out>
  </testcase>
</testsuite>